<?xml version="1.0" encoding="UTF-8"?>
<!-- Generated by org.testng.reporters.JUnitXMLReporter -->
<testsuite ignored="0" hostname="FANTA" failures="0" tests="3" name="Default test" time="0.047" errors="0" timestamp="2023-04-05T15:44:16 IST">
  <testcase classname="RecentlyPlaySongCode.RecentlyPlayedSongStoreTest" name="testAddNewSongInQueue" time="0.007"/>
  <testcase classname="RecentlyPlaySongCode.RecentlyPlayedSongStoreTest" name="testAddNewSongsWithNewUser" time="0.002"/>
  <testcase classname="RecentlyPlaySongCode.RecentlyPlayedSongStoreTest" name="testGetRecentlyPlayedSongsEmpty" time="0.001"/>
</testsuite> <!-- Default test -->
