<?xml version="1.0" encoding="UTF-8"?>
<!-- Generated by org.testng.reporters.JUnitXMLReporter -->
<testsuite ignored="0" hostname="FANTA" failures="0" tests="3" name="Test" time="0.256" errors="0" timestamp="2023-04-05T16:21:07 IST">
  <testcase classname="RecentlyPlaySongCode.RecentlyPlayedSongStoreTest" name="validateAddNewSongInQueue" time="0.005"/>
  <testcase classname="RecentlyPlaySongCode.RecentlyPlayedSongStoreTest" name="validateAddNewSongsWithNewUser" time="0.001"/>
  <testcase classname="RecentlyPlaySongCode.RecentlyPlayedSongStoreTest" name="validateToGetRecentlyPlayedSongsEmpty" time="0.001"/>
</testsuite> <!-- Test -->
