<?xml version="1.0" encoding="UTF-8"?>
<testng-results ignored="0" total="4" passed="4" failed="0" skipped="0">
  <reporter-output>
    <line>
      <![CDATA[user1 added new song in Queue: [S1, S2, S3]]]>
    </line>
    <line>
      <![CDATA[user1 added new song in Queue: [S2, S3, S4]]]>
    </line>
    <line>
      <![CDATA[user1 added new song in Queue: [S3, S4, S2]]]>
    </line>
    <line>
      <![CDATA[user1 added new song in Queue: [S4, S2, S1]]]>
    </line>
    <line>
      <![CDATA[2 added new song in Queue: [S2, S3, S4]]]>
    </line>
    <line>
      <![CDATA[2 added new song in Queue: [S3, S4, S2]]]>
    </line>
    <line>
      <![CDATA[2 added new song in Queue: [S4, S2, S1]]]>
    </line>
  </reporter-output>
  <suite started-at="2023-04-05T17:00:40 IST" name="TestVagrantAssessment" finished-at="2023-04-05T17:00:40 IST" duration-ms="469">
    <groups>
    </groups>
    <test started-at="2023-04-05T17:00:40 IST" name="Test" finished-at="2023-04-05T17:00:40 IST" duration-ms="469">
      <class name="RecentlyPlaySongCode.RecentlyPlayedSongStoreTest">
        <test-method is-config="true" signature="setUp()[pri:0, instance:RecentlyPlaySongCode.RecentlyPlayedSongStoreTest@68c72235]" started-at="2023-04-05T17:00:40 IST" name="setUp" finished-at="2023-04-05T17:00:40 IST" duration-ms="3" status="PASS">
          <reporter-output>
          </reporter-output>
        </test-method> <!-- setUp -->
        <test-method signature="validateAddNewSongInQueue()[pri:0, instance:RecentlyPlaySongCode.RecentlyPlayedSongStoreTest@68c72235]" started-at="2023-04-05T17:00:40 IST" name="validateAddNewSongInQueue" finished-at="2023-04-05T17:00:40 IST" duration-ms="5" status="PASS">
          <reporter-output>
            <line>
              <![CDATA[user1 added new song in Queue: [S1, S2, S3]]]>
            </line>
            <line>
              <![CDATA[user1 added new song in Queue: [S2, S3, S4]]]>
            </line>
            <line>
              <![CDATA[user1 added new song in Queue: [S3, S4, S2]]]>
            </line>
            <line>
              <![CDATA[user1 added new song in Queue: [S4, S2, S1]]]>
            </line>
          </reporter-output>
        </test-method> <!-- validateAddNewSongInQueue -->
        <test-method is-config="true" signature="setUp()[pri:0, instance:RecentlyPlaySongCode.RecentlyPlayedSongStoreTest@68c72235]" started-at="2023-04-05T17:00:40 IST" name="setUp" finished-at="2023-04-05T17:00:40 IST" duration-ms="0" status="PASS">
          <reporter-output>
          </reporter-output>
        </test-method> <!-- setUp -->
        <test-method signature="validateAddNewSongsWithNewUser()[pri:0, instance:RecentlyPlaySongCode.RecentlyPlayedSongStoreTest@68c72235]" started-at="2023-04-05T17:00:40 IST" name="validateAddNewSongsWithNewUser" finished-at="2023-04-05T17:00:40 IST" duration-ms="1" status="PASS">
          <reporter-output>
            <line>
              <![CDATA[2 added new song in Queue: [S2, S3, S4]]]>
            </line>
            <line>
              <![CDATA[2 added new song in Queue: [S3, S4, S2]]]>
            </line>
            <line>
              <![CDATA[2 added new song in Queue: [S4, S2, S1]]]>
            </line>
          </reporter-output>
        </test-method> <!-- validateAddNewSongsWithNewUser -->
        <test-method signature="validateTheCapacityDoNotExceeded()[pri:0, instance:RecentlyPlaySongCode.RecentlyPlayedSongStoreTest@68c72235]" started-at="2023-04-05T17:00:40 IST" name="validateTheCapacityDoNotExceeded" finished-at="2023-04-05T17:00:40 IST" duration-ms="0" status="PASS">
          <reporter-output>
          </reporter-output>
        </test-method> <!-- validateTheCapacityDoNotExceeded -->
        <test-method is-config="true" signature="setUp()[pri:0, instance:RecentlyPlaySongCode.RecentlyPlayedSongStoreTest@68c72235]" started-at="2023-04-05T17:00:40 IST" name="setUp" finished-at="2023-04-05T17:00:40 IST" duration-ms="0" status="PASS">
          <reporter-output>
          </reporter-output>
        </test-method> <!-- setUp -->
        <test-method is-config="true" signature="setUp()[pri:0, instance:RecentlyPlaySongCode.RecentlyPlayedSongStoreTest@68c72235]" started-at="2023-04-05T17:00:40 IST" name="setUp" finished-at="2023-04-05T17:00:40 IST" duration-ms="0" status="PASS">
          <reporter-output>
          </reporter-output>
        </test-method> <!-- setUp -->
        <test-method signature="validateToGetRecentlyPlayedSongsEmpty()[pri:0, instance:RecentlyPlaySongCode.RecentlyPlayedSongStoreTest@68c72235]" started-at="2023-04-05T17:00:40 IST" name="validateToGetRecentlyPlayedSongsEmpty" finished-at="2023-04-05T17:00:40 IST" duration-ms="1" status="PASS">
          <reporter-output>
          </reporter-output>
        </test-method> <!-- validateToGetRecentlyPlayedSongsEmpty -->
      </class> <!-- RecentlyPlaySongCode.RecentlyPlayedSongStoreTest -->
    </test> <!-- Test -->
  </suite> <!-- TestVagrantAssessment -->
</testng-results>
